<?xml version="1.0" encoding="UTF-8"?>
<testsuite xmlns:xsi="http://www.w3.org/2001/XMLSchema-instance" xsi:noNamespaceSchemaLocation="https://maven.apache.org/surefire/maven-surefire-plugin/xsd/surefire-test-report.xsd" name="com.example.AccountTests" time="0.073" tests="9" errors="0" skipped="0" failures="0">
  <properties>
[...]
</properties>
  <testcase name="shouldBeApproved[0]" classname="com.example.AccountTests" time="0.004"/>
  <testcase name="shouldBeApproved[1]" classname="com.example.AccountTests" time="0"/>
  <testcase name="shouldBeApproved[2]" classname="com.example.AccountTests" time="0"/>
  <testcase name="shouldBeApproved[3]" classname="com.example.AccountTests" time="0.001"/>
  <testcase name="shouldBeApproved[4]" classname="com.example.AccountTests" time="0"/>
  <testcase name="shouldBeApproved[5]" classname="com.example.AccountTests" time="0"/>
  <testcase name="shouldBeApproved[6]" classname="com.example.AccountTests" time="0.001"/>
  <testcase name="shouldBeApproved[7]" classname="com.example.AccountTests" time="0"/>
  <testcase name="shouldBeApproved[8]" classname="com.example.AccountTests" time="0"/>
</testsuite>